# Wheel idx   : 0
# Speed steps : 128
# Linear regression results
#  - Neg 0.379*V+187.238
#  - Pos 0.401*V-212.560
-1920.000 -541.000
-1792.000 -490.000
-1664.000 -444.000
-1536.000 -396.000
-1408.000 -347.000
-1280.000 -292.000
-1152.000 -251.000
-1024.000 -202.000
-896.000 -76.000
-768.000 -10.000
-640.000 0.000
-512.000 -7.000
-384.000 -1.000
-256.000 0.000
-128.000 0.000
0.000 0.000
0.000 0.000
128.000 0.000
256.000 0.000
384.000 0.000
512.000 1.000
640.000 1.000
768.000 15.000
896.000 92.000
1024.000 206.000
1152.000 256.000
1280.000 300.000
1408.000 346.000
1536.000 394.000
1664.000 442.000
1792.000 487.000
1920.000 589.000
