# Wheel idx   : 0
# Speed steps : 128
# Linear regression results
#  - Neg -0.422*V-267.714
#  - Pos -0.412*V+342.048
-1920.000 532.000
-1792.000 485.000
-1664.000 431.000
-1536.000 383.000
-1408.000 336.000
-1280.000 292.000
-1152.000 234.000
-1024.000 130.000
-896.000 99.000
-768.000 25.000
-640.000 0.000
-512.000 8.000
-384.000 0.000
-256.000 0.000
-128.000 0.000
0.000 0.000
0.000 0.000
128.000 0.000
256.000 0.000
384.000 -1.000
512.000 -7.000
640.000 0.000
768.000 0.000
896.000 -32.000
1024.000 -90.000
1152.000 -137.000
1280.000 -182.000
1408.000 -233.000
1536.000 -283.000
1664.000 -333.000
1792.000 -397.000
1920.000 -466.000
