# Wheel idx   : 0
# Speed steps : 128
# Linear regression results
#  - Neg -0.445*V-375.774
#  - Pos -0.385*V+330.321
-1920.000 479.000
-1792.000 435.000
-1664.000 383.000
-1536.000 267.000
-1408.000 246.000
-1280.000 203.000
-1152.000 145.000
-1024.000 82.000
-896.000 36.000
-768.000 9.000
-640.000 1.000
-512.000 3.000
-384.000 0.000
-256.000 0.000
-128.000 0.000
0.000 0.000
0.000 0.000
128.000 0.000
256.000 0.000
384.000 0.000
512.000 -7.000
640.000 0.000
768.000 0.000
896.000 -3.000
1024.000 -23.000
1152.000 -110.000
1280.000 -167.000
1408.000 -257.000
1536.000 -307.000
1664.000 -337.000
1792.000 -282.000
1920.000 -412.000
