# Wheel idx   : 0
# Speed steps : 128
# Linear regression results
#  - Neg -0.317*V-190.048
#  - Pos -0.362*V+301.595
-1920.000 366.000
-1792.000 407.000
-1664.000 360.000
-1536.000 308.000
-1408.000 262.000
-1280.000 230.000
-1152.000 156.000
-1024.000 121.000
-896.000 3.000
-768.000 7.000
-640.000 0.000
-512.000 8.000
-384.000 0.000
-256.000 0.000
-128.000 0.000
0.000 0.000
0.000 0.000
128.000 0.000
256.000 0.000
384.000 -1.000
512.000 -7.000
640.000 0.000
768.000 0.000
896.000 0.000
1024.000 -72.000
1152.000 -113.000
1280.000 -159.000
1408.000 -215.000
1536.000 -258.000
1664.000 -297.000
1792.000 -327.000
1920.000 -410.000
