# Wheel idx   : 0
# Speed steps : 128
# Linear regression results
#  - Neg -0.423*V-314.440
#  - Pos -0.386*V+309.845
-1920.000 483.000
-1792.000 439.000
-1664.000 389.000
-1536.000 346.000
-1408.000 296.000
-1280.000 251.000
-1152.000 187.000
-1024.000 79.000
-896.000 21.000
-768.000 9.000
-640.000 0.000
-512.000 6.000
-384.000 0.000
-256.000 0.000
-128.000 0.000
0.000 0.000
0.000 0.000
128.000 0.000
256.000 0.000
384.000 0.000
512.000 -8.000
640.000 0.000
768.000 -5.000
896.000 -51.000
1024.000 -76.000
1152.000 -138.000
1280.000 -196.000
1408.000 -228.000
1536.000 -281.000
1664.000 -332.000
1792.000 -382.000
1920.000 -428.000
