# Wheel idx   : 0
# Test speed  : -2047
100.000
200.000
300.000
300.000
300.000
400.000
400.000
400.000
300.000
400.000
400.000
400.000
300.000
400.000
500.000
400.000
400.000
500.000
400.000
500.000
500.000
600.000
500.000
600.000
500.000
600.000
600.000
500.000
600.000
600.000
500.000
600.000
500.000
600.000
500.000
600.000
500.000
600.000
600.000
500.000
600.000
500.000
600.000
600.000
500.000
600.000
600.000
500.000
600.000
600.000
500.000
600.000
500.000
600.000
500.000
600.000
500.000
600.000
500.000
600.000
500.000
600.000
500.000
600.000
500.000
600.000
500.000
600.000
500.000
500.000
600.000
500.000
600.000
500.000
500.000
600.000
500.000
600.000
500.000
600.000
500.000
600.000
500.000
600.000
600.000
600.000
500.000
600.000
600.000
500.000
600.000
600.000
600.000
500.000
600.000
600.000
500.000
