# Wheel idx   : 0
# Test speed  : 1536
100.000
100.000
200.000
300.000
300.000
300.000
400.000
300.000
400.000
400.000
400.000
500.000
400.000
400.000
500.000
400.000
500.000
400.000
500.000
500.000
400.000
500.000
500.000
500.000
400.000
500.000
500.000
400.000
500.000
500.000
500.000
500.000
400.000
500.000
500.000
500.000
500.000
500.000
400.000
500.000
500.000
500.000
500.000
500.000
500.000
500.000
400.000
500.000
500.000
500.000
500.000
500.000
500.000
500.000
500.000
400.000
500.000
500.000
500.000
500.000
500.000
500.000
500.000
500.000
500.000
500.000
400.000
500.000
500.000
500.000
500.000
500.000
500.000
400.000
500.000
500.000
500.000
500.000
500.000
500.000
400.000
500.000
500.000
500.000
500.000
500.000
500.000
400.000
500.000
500.000
