# Wheel idx   : 0
# Speed steps : 32
# Linear regression results
#  - Neg 0.440*V+197.541
#  - Pos 0.433*V-184.606
-2016.000 -692.000
-1984.000 -679.000
-1952.000 -666.000
-1920.000 -653.000
-1888.000 -626.000
-1856.000 -614.000
-1824.000 -602.000
-1792.000 -588.000
-1760.000 -577.000
-1728.000 -565.000
-1696.000 -551.000
-1664.000 -540.000
-1632.000 -527.000
-1600.000 -501.000
-1568.000 -487.000
-1536.000 -476.000
-1504.000 -464.000
-1472.000 -452.000
-1440.000 -440.000
-1408.000 -427.000
-1376.000 -415.000
-1344.000 -389.000
-1312.000 -377.000
-1280.000 -364.000
-1248.000 -353.000
-1216.000 -339.000
-1184.000 -328.000
-1152.000 -314.000
-1120.000 -302.000
-1088.000 -276.000
-1056.000 -264.000
-1024.000 -250.000
-992.000 -239.000
-960.000 -227.000
-928.000 -214.000
-896.000 -202.000
-864.000 -189.000
-832.000 -177.000
-800.000 -153.000
-768.000 -138.000
-736.000 -128.000
-704.000 -117.000
-672.000 -101.000
-640.000 -91.000
-608.000 -81.000
-576.000 -69.000
-544.000 -31.000
-512.000 -22.000
-480.000 -10.000
-448.000 -1.000
-416.000 0.000
-384.000 0.000
-352.000 0.000
-320.000 0.000
-288.000 0.000
-256.000 0.000
-224.000 0.000
-192.000 0.000
-160.000 0.000
-128.000 0.000
-96.000 0.000
-64.000 0.000
-32.000 0.000
0.000 0.000
0.000 0.000
32.000 0.000
64.000 0.000
96.000 0.000
128.000 0.000
160.000 0.000
192.000 0.000
224.000 0.000
256.000 0.000
288.000 0.000
320.000 0.000
352.000 1.000
384.000 1.000
416.000 0.000
448.000 9.000
480.000 1.000
512.000 0.000
544.000 46.000
576.000 70.000
608.000 84.000
640.000 94.000
672.000 103.000
704.000 119.000
736.000 131.000
768.000 139.000
800.000 166.000
832.000 181.000
864.000 190.000
896.000 205.000
928.000 215.000
960.000 229.000
992.000 240.000
1024.000 252.000
1056.000 279.000
1088.000 290.000
1120.000 303.000
1152.000 316.000
1184.000 327.000
1216.000 341.000
1248.000 352.000
1280.000 364.000
1312.000 377.000
1344.000 404.000
1376.000 415.000
1408.000 428.000
1440.000 440.000
1472.000 452.000
1504.000 465.000
1536.000 476.000
1568.000 489.000
1600.000 515.000
1632.000 527.000
1664.000 540.000
1696.000 551.000
1728.000 562.000
1760.000 575.000
1792.000 587.000
1824.000 612.000
1856.000 623.000
1888.000 636.000
1920.000 647.000
1952.000 661.000
1984.000 672.000
2016.000 684.000
