# Wheel idx   : 0
# Test speed  : 1536
20569.000
20569.000
20569.000
20569.000
20569.000
20569.000
20569.000
20569.000
20569.000
20569.000
20569.000
20569.000
20569.000
20569.000
20569.000
20569.000
20569.000
20569.000
20569.000
20569.000
20569.000
20569.000
20569.000
20569.000
20569.000
20569.000
20569.000
20571.000
20572.000
20575.000
20577.000
20580.000
20584.000
20587.000
20591.000
20595.000
20599.000
20603.000
20607.000
20612.000
20616.000
20621.000
20625.000
20630.000
20634.000
20639.000
20643.000
20648.000
20653.000
20658.000
20662.000
20667.000
20672.000
20677.000
20681.000
20686.000
20691.000
20696.000
20701.000
20705.000
20710.000
20715.000
20720.000
20725.000
20730.000
20734.000
20739.000
20744.000
20749.000
20754.000
20759.000
20764.000
20769.000
20773.000
20778.000
20783.000
20788.000
20793.000
20798.000
20802.000
20807.000
20812.000
20817.000
20822.000
20827.000
20831.000
20836.000
20841.000
20846.000
20851.000
20856.000
20861.000
20866.000
20871.000
20875.000
20880.000
20885.000
20890.000
20895.000
20900.000
20905.000
20910.000
20915.000
20919.000
20924.000
20929.000
20934.000
20939.000
20944.000
20949.000
20954.000
20959.000
20964.000
20969.000
20974.000
20979.000
20983.000
20988.000
20993.000
20998.000
21003.000
21008.000
21013.000
21017.000
21022.000
21027.000
21032.000
21037.000
21042.000
21047.000
21052.000
21056.000
21061.000
21066.000
21071.000
21076.000
21081.000
21086.000
21090.000
21095.000
21100.000
21105.000
21110.000
21115.000
21120.000
21125.000
21129.000
21134.000
21139.000
21144.000
21149.000
21154.000
21159.000
21163.000
21168.000
21173.000
21178.000
21183.000
21187.000
21192.000
21197.000
21202.000
21207.000
21212.000
21217.000
21222.000
21227.000
21231.000
21236.000
21241.000
21246.000
21251.000
21256.000
21261.000
21266.000
21271.000
21276.000
21281.000
21285.000
21290.000
21295.000
21300.000
21305.000
21310.000
21315.000
21320.000
21325.000
21330.000
21335.000
21339.000
21344.000
21349.000
21354.000
21359.000
21364.000
21369.000
21374.000
21379.000
21383.000
21388.000
21393.000
21398.000
21403.000
21408.000
21413.000
21417.000
21422.000
21427.000
21432.000
21437.000
21442.000
21447.000
21451.000
21456.000
21461.000
21466.000
21471.000
21476.000
21481.000
21485.000
21490.000
21495.000
21500.000
21505.000
21510.000
21515.000
21519.000
21524.000
21529.000
21534.000
21539.000
21544.000
21549.000
21553.000
21558.000
21563.000
21568.000
21573.000
21578.000
21583.000
21588.000
21593.000
21597.000
21602.000
21607.000
21612.000
21617.000
21622.000
21627.000
21632.000
21637.000
21642.000
21647.000
21651.000
21656.000
21661.000
21666.000
21671.000
21676.000
21681.000
21686.000
21691.000
21696.000
21701.000
21705.000
21710.000
21715.000
21720.000
21725.000
21730.000
21735.000
21740.000
21744.000
21749.000
21754.000
21759.000
21764.000
21769.000
21774.000
21779.000
21783.000
21788.000
21793.000
21798.000
21803.000
21808.000
21813.000
21817.000
21822.000
21827.000
21832.000
21837.000
21842.000
21847.000
21851.000
21856.000
21861.000
21866.000
21871.000
21876.000
21881.000
21885.000
21890.000
21895.000
21900.000
21905.000
21910.000
21915.000
21919.000
21924.000
21929.000
21934.000
21939.000
21944.000
21949.000
21954.000
21959.000
21963.000
21968.000
21973.000
21978.000
21983.000
21988.000
21993.000
21998.000
22003.000
22008.000
22013.000
22017.000
22022.000
22027.000
22032.000
22037.000
22042.000
22047.000
22052.000
22057.000
22062.000
22067.000
22071.000
22076.000
22081.000
22086.000
22091.000
22096.000
22101.000
22106.000
22110.000
22115.000
22120.000
22125.000
22130.000
22135.000
22140.000
22145.000
22149.000
22154.000
22159.000
22164.000
22169.000
22174.000
22179.000
22183.000
22188.000
22193.000
22198.000
22203.000
22208.000
22213.000
22217.000
22222.000
22227.000
22232.000
22237.000
22242.000
22247.000
22251.000
22256.000
22261.000
22266.000
22271.000
22276.000
22281.000
22285.000
22290.000
22295.000
22300.000
22305.000
22310.000
22315.000
22320.000
22325.000
22329.000
22334.000
22339.000
22344.000
22349.000
22354.000
22359.000
22364.000
22369.000
22374.000
22379.000
22384.000
22388.000
22393.000
22398.000
22403.000
22408.000
22413.000
22418.000
22423.000
22428.000
22433.000
22437.000
22442.000
22447.000
22452.000
22457.000
22462.000
22467.000
22472.000
22477.000
22481.000
22486.000
22491.000
22496.000
22501.000
22506.000
22511.000
22515.000
22520.000
22525.000
22530.000
22535.000
22540.000
22545.000
22550.000
22554.000
22559.000
22564.000
22569.000
22574.000
22579.000
22584.000
22588.000
22593.000
22598.000
22603.000
22608.000
22613.000
22617.000
22622.000
22627.000
22632.000
22637.000
22642.000
22647.000
22652.000
22657.000
22661.000
22666.000
22671.000
22676.000
22681.000
22686.000
22691.000
22696.000
22701.000
22706.000
22711.000
22715.000
22720.000
22725.000
22730.000
22735.000
22740.000
22745.000
22750.000
22755.000
22760.000
22765.000
22769.000
22774.000
22779.000
22784.000
22789.000
22794.000
22799.000
22804.000
22809.000
22813.000
22818.000
22823.000
22828.000
22833.000
22838.000
22843.000
22847.000
22852.000
22857.000
22862.000
22867.000
22872.000
22877.000
22882.000
22887.000
22891.000
22896.000
22901.000
22906.000
22911.000
22916.000
22921.000
22925.000
22930.000
22935.000
22940.000
22945.000
22950.000
22955.000
22959.000
22964.000
22969.000
22974.000
22979.000
22984.000
22989.000
22993.000
22998.000
23003.000
23008.000
23013.000
23018.000
23023.000
23028.000
23033.000
23037.000
23042.000
23047.000
23052.000
23057.000
23062.000
23067.000
23072.000
23077.000
23082.000
23087.000
23092.000
23097.000
23101.000
23106.000
23111.000
23116.000
23121.000
23126.000
23131.000
23136.000
23141.000
23146.000
23151.000
23155.000
23160.000
23165.000
23170.000
23175.000
23180.000
23185.000
23190.000
23195.000
23199.000
23204.000
23209.000
23214.000
23219.000
23224.000
23229.000
23233.000
23238.000
23243.000
23248.000
23253.000
23258.000
23263.000
23268.000
23272.000
23277.000
23282.000
23287.000
23292.000
23297.000
23302.000
23307.000
23311.000
23316.000
23321.000
23326.000
23331.000
23336.000
23341.000
23345.000
23350.000
23355.000
23360.000
23365.000
23370.000
23375.000
23379.000
23385.000
23389.000
23394.000
23399.000
23404.000
23409.000
23414.000
23419.000
23424.000
23429.000
23434.000
23439.000
23443.000
23448.000
23453.000
23458.000
23463.000
23468.000
23473.000
23478.000
23483.000
23488.000
23493.000
23498.000
23503.000
23507.000
23512.000
23517.000
23522.000
23527.000
23532.000
23537.000
23542.000
23546.000
23551.000
23556.000
23561.000
23566.000
23571.000
23576.000
23581.000
23585.000
23590.000
23595.000
23600.000
23605.000
23610.000
23615.000
23619.000
23624.000
23629.000
23634.000
23639.000
23644.000
23649.000
23654.000
23659.000
23663.000
23668.000
23673.000
23678.000
23683.000
23688.000
23692.000
23697.000
23702.000
23707.000
23712.000
23717.000
23722.000
23727.000
23731.000
23736.000
23741.000
23746.000
23751.000
23756.000
23761.000
23766.000
23771.000
23776.000
23781.000
23785.000
23790.000
23795.000
23800.000
23805.000
23810.000
23815.000
23820.000
23825.000
23830.000
23835.000
23840.000
23845.000
23849.000
23854.000
23859.000
23864.000
23869.000
23874.000
23879.000
23884.000
23889.000
23893.000
23898.000
23903.000
23908.000
23913.000
23918.000
23923.000
23927.000
23932.000
23937.000
23942.000
23947.000
23952.000
23957.000
23962.000
23967.000
23971.000
23976.000
23981.000
23986.000
23991.000
23996.000
24001.000
24005.000
24010.000
24015.000
24020.000
24025.000
24030.000
24035.000
24039.000
24044.000
24049.000
24054.000
24059.000
24064.000
24069.000
24073.000
24078.000
24083.000
24088.000
24093.000
24098.000
24103.000
24108.000
24113.000
24118.000
24123.000
24127.000
24132.000
24137.000
24142.000
24147.000
24152.000
24157.000
24162.000
24167.000
24172.000
24177.000
24181.000
24187.000
24191.000
24196.000
24201.000
24206.000
24211.000
24216.000
24221.000
24226.000
24231.000
24235.000
24240.000
24245.000
24250.000
24255.000
24260.000
24265.000
24270.000
24275.000
24279.000
24284.000
24289.000
24294.000
24299.000
24304.000
24309.000
24313.000
24318.000
24323.000
24328.000
24333.000
24338.000
24343.000
24348.000
24352.000
24357.000
24362.000
24367.000
24372.000
24377.000
24382.000
24387.000
24391.000
24396.000
24401.000
24406.000
24411.000
24416.000
24420.000
24425.000
24430.000
24435.000
24440.000
24445.000
24450.000
24455.000
24459.000
24464.000
24469.000
24474.000
24479.000
24484.000
24489.000
24494.000
24499.000
24504.000
24509.000
24513.000
24518.000
24523.000
24528.000
24533.000
24538.000
24543.000
24548.000
24553.000
24558.000
24563.000
24568.000
24573.000
24577.000
24582.000
24587.000
24592.000
24597.000
24602.000
24607.000
24612.000
24617.000
24621.000
24626.000
24631.000
24636.000
24641.000
24646.000
24651.000
24656.000
24660.000
24665.000
24670.000
24675.000
24680.000
24685.000
24690.000
24695.000
24699.000
24704.000
24709.000
24714.000
24719.000
24724.000
24729.000
24733.000
24738.000
24743.000
24748.000
24753.000
24758.000
24763.000
24767.000
24772.000
24777.000
24782.000
24787.000
24792.000
24797.000
24801.000
24806.000
24811.000
24816.000
24821.000
24826.000
24831.000
24836.000
24841.000
24846.000
24851.000
24855.000
24860.000
24865.000
24870.000
24875.000
24880.000
24885.000
24890.000
24895.000
24900.000
24905.000
24909.000
24914.000
24919.000
24924.000
24929.000
24934.000
24939.000
24944.000
24949.000
24954.000
24959.000
24963.000
24968.000
24973.000
24978.000
24983.000
24988.000
24993.000
24998.000
25002.000
25007.000
25012.000
25017.000
25022.000
25027.000
25032.000
25037.000
25041.000
25046.000
25051.000
25056.000
25061.000
25066.000
25071.000
25075.000
25080.000
25085.000
25090.000
25095.000
25100.000
25105.000
25110.000
25115.000
25119.000
25124.000
25129.000
25134.000
25139.000
25144.000
25148.000
25153.000
25158.000
25163.000
25168.000
25173.000
25178.000
25183.000
25188.000
25193.000
25197.000
25202.000
25207.000
25212.000
25217.000
25222.000
25227.000
25232.000
25237.000
25242.000
25247.000
25251.000
25256.000
25261.000
25266.000
25271.000
25276.000
25281.000
25286.000
25291.000
25296.000
25301.000
25305.000
25310.000
25315.000
25320.000
25325.000
25330.000
25335.000
25340.000
25345.000
25349.000
25354.000
25359.000
25364.000
25369.000
25374.000
25379.000
25383.000
25388.000
25393.000
25398.000
